<?xml version="1.0" encoding="UTF-8"?>
<!-- Generated by org.testng.reporters.JUnitXMLReporter -->
<testsuite hostname="ria" ignored="0" name="Free CRM App Test Cases" tests="3" failures="0" timestamp="23 May 2018 23:56:37 GMT" time="64.835" errors="0">
  <testcase name="verifyHomePageTitleTest" time="0.042" classname="com.toolsqa.qa.testcases.ToolsQAHomePageTest"/>
  <testcase name="verifyToolsQALogoTest" time="0.259" classname="com.toolsqa.qa.testcases.ToolsQAHomePageTest"/>
  <testcase name="verifyContactsLinkTest" time="4.154" classname="com.toolsqa.qa.testcases.ToolsQAHomePageTest"/>
</testsuite> <!-- Free CRM App Test Cases -->
