<?xml version="1.0" encoding="UTF-8"?>
<!-- Generated by org.testng.reporters.JUnitXMLReporter -->
<testsuite hostname="ria" ignored="0" name="Free CRM App Test Cases" tests="3" failures="0" timestamp="24 May 2018 00:15:06 GMT" time="47.435" errors="0">
  <testcase name="verifyHomePageTitleTest" time="0.053" classname="com.toolsqa.qa.testcases.ToolsQAHomePageTest"/>
  <testcase name="verifyToolsQALogoTest" time="0.31" classname="com.toolsqa.qa.testcases.ToolsQAHomePageTest"/>
  <testcase name="clickOnProductCategory" time="4.434" classname="com.toolsqa.qa.testcases.ToolsQAHomePageTest"/>
</testsuite> <!-- Free CRM App Test Cases -->
