<?xml version="1.0" encoding="UTF-8"?>
<!-- Generated by org.testng.reporters.JUnitXMLReporter -->
<testsuite hostname="ria" ignored="0" name="Default test" tests="2" failures="0" timestamp="23 May 2018 02:26:30 GMT" time="28.665" errors="0">
  <testcase name="verifyHomePageTitleTest" time="0.027" classname="com.toolsqa.qa.testcases.ToolsQAHomePageTest"/>
  <testcase name="verifyToolsQALogoTest" time="0.1" classname="com.toolsqa.qa.testcases.ToolsQAHomePageTest"/>
</testsuite> <!-- Default test -->
